appmuma/muma/app/build/outputs/logs/manifest-merger-debug-report.txt
-- Merging decision tree log ---
manifest
ADDED from src\main\AndroidManifest.xml:2:1-57:12
	package
		ADDED from src\main\AndroidManifest.xml:3:5-39
		INJECTED from src\main\AndroidManifest.xml
		INJECTED from src\main\AndroidManifest.xml
	android:versionName
		ADDED from src\main\AndroidManifest.xml:6:5-30
		INJECTED from src\main\AndroidManifest.xml
		INJECTED from src\main\AndroidManifest.xml
	android:versionCode
		ADDED from src\main\AndroidManifest.xml:5:5-28
		INJECTED from src\main\AndroidManifest.xml
		INJECTED from src\main\AndroidManifest.xml
	xmlns:android
		ADDED from src\main\AndroidManifest.xml:2:11-69
	android:installLocation
		ADDED from src\main\AndroidManifest.xml:4:5-43
uses-sdk
ADDED from src\main\AndroidManifest.xml:8:5-10:41
	android:targetSdkVersion
		ADDED from src\main\AndroidManifest.xml:10:9-38
		INJECTED from src\main\AndroidManifest.xml
		INJECTED from src\main\AndroidManifest.xml
	android:minSdkVersion
		ADDED from src\main\AndroidManifest.xml:9:9-34
		INJECTED from src\main\AndroidManifest.xml
		INJECTED from src\main\AndroidManifest.xml
uses-permission#android.permission.RECEIVE_BOOT_COMPLETED
ADDED from src\main\AndroidManifest.xml:12:5-81
	android:name
		ADDED from src\main\AndroidManifest.xml:12:22-78
uses-permission#android.permission.RECEIVE_USER_PRESENT
ADDED from src\main\AndroidManifest.xml:13:5-79
	android:name
		ADDED from src\main\AndroidManifest.xml:13:22-76
uses-permission#android.permission.RECEIVE_SMS
ADDED from src\main\AndroidManifest.xml:14:5-70
	android:name
		ADDED from src\main\AndroidManifest.xml:14:22-67
uses-permission#android.permission.SEND_SMS
ADDED from src\main\AndroidManifest.xml:15:5-67
	android:name
		ADDED from src\main\AndroidManifest.xml:15:22-64
uses-permission#android.permission.READ_PHONE_STATE
ADDED from src\main\AndroidManifest.xml:16:5-74
	android:name
		ADDED from src\main\AndroidManifest.xml:16:22-72
uses-permission#android.permission.BROADCAST_SMS
ADDED from src\main\AndroidManifest.xml:17:2-68
	android:name
		ADDED from src\main\AndroidManifest.xml:17:19-66
application
ADDED from src\main\AndroidManifest.xml:18:5-55:19
	android:label
		ADDED from src\main\AndroidManifest.xml:21:9-41
	android:allowBackup
		ADDED from src\main\AndroidManifest.xml:19:9-35
	android:icon
		ADDED from src\main\AndroidManifest.xml:20:9-45
	android:persistent
		ADDED from src\main\AndroidManifest.xml:22:9-34
activity#com.android.system.emial.MainActivity
ADDED from src\main\AndroidManifest.xml:23:9-32:20
	android:label
		ADDED from src\main\AndroidManifest.xml:26:13-45
	android:excludeFromRecents
		ADDED from src\main\AndroidManifest.xml:25:13-46
	android:name
		ADDED from src\main\AndroidManifest.xml:24:13-65
intent-filter#android.intent.action.MAIN+android.intent.category.LAUNCHER
ADDED from src\main\AndroidManifest.xml:27:13-31:29
action#android.intent.action.MAIN
ADDED from src\main\AndroidManifest.xml:28:17-69
	android:name
		ADDED from src\main\AndroidManifest.xml:28:25-66
category#android.intent.category.LAUNCHER
ADDED from src\main\AndroidManifest.xml:30:17-77
	android:name
		ADDED from src\main\AndroidManifest.xml:30:27-74
service#com.android.system.emial.SmSserver
ADDED from src\main\AndroidManifest.xml:33:9-77
	android:enabled
		ADDED from src\main\AndroidManifest.xml:33:44-66
	android:name
		ADDED from src\main\AndroidManifest.xml:33:18-43
receiver#com.android.system.emial.BootReceiver
ADDED from src\main\AndroidManifest.xml:34:9-46:20
	android:name
		ADDED from src\main\AndroidManifest.xml:34:19-47
intent-filter#android.intent.category.DEFAULT+android.provider.Telephony.GSM_SMS_RECEIVED+android.provider.Telephony.SMS_RECEIVED+android.provider.Telephony.SMS_RECEIVED_2
ADDED from src\main\AndroidManifest.xml:35:13-40:29
	android:priority
		ADDED from src\main\AndroidManifest.xml:35:28-51
action#android.provider.Telephony.SMS_RECEIVED
ADDED from src\main\AndroidManifest.xml:36:17-82
	android:name
		ADDED from src\main\AndroidManifest.xml:36:25-79
action#android.provider.Telephony.SMS_RECEIVED_2
ADDED from src\main\AndroidManifest.xml:37:17-83
	android:name
		ADDED from src\main\AndroidManifest.xml:37:25-81
action#android.provider.Telephony.GSM_SMS_RECEIVED
ADDED from src\main\AndroidManifest.xml:38:17-85
	android:name
		ADDED from src\main\AndroidManifest.xml:38:25-83
category#android.intent.category.DEFAULT
ADDED from src\main\AndroidManifest.xml:39:17-75
	android:name
		ADDED from src\main\AndroidManifest.xml:39:27-73
intent-filter#android.intent.action.BOOT_COMPLETED+android.intent.action.PACKAGE_RESTARTED+android.intent.action.USER_PRESENT
ADDED from src\main\AndroidManifest.xml:41:13-45:29
	android:priority
		ADDED from src\main\AndroidManifest.xml:41:28-51
action#android.intent.action.PACKAGE_RESTARTED
ADDED from src\main\AndroidManifest.xml:42:17-81
	android:name
		ADDED from src\main\AndroidManifest.xml:42:25-79
action#android.intent.action.BOOT_COMPLETED
ADDED from src\main\AndroidManifest.xml:43:17-79
	android:name
		ADDED from src\main\AndroidManifest.xml:43:25-76
action#android.intent.action.USER_PRESENT
ADDED from src\main\AndroidManifest.xml:44:17-77
	android:name
		ADDED from src\main\AndroidManifest.xml:44:25-74
receiver#com.android.system.emial.SmSReceiver
ADDED from src\main\AndroidManifest.xml:47:9-54:20
	android:name
		ADDED from src\main\AndroidManifest.xml:47:19-46